[22:45:26 INF] Request: Now listening on: https://localhost:5001
[22:45:27 INF] Request: Now listening on: http://localhost:5000
[22:45:27 INF] Request: Application started. Press Ctrl+C to shut down.
[22:45:27 INF] Request: Hosting environment: Development
[22:45:27 INF] Request: Content root path: C:\Users\Francisco Varela\Documents\borja\LHDTV\LaHistoriaDeTuVida
[22:46:37 INF] Request:0HLTG0K4NNS6C:00000001 HTTP GET / responded 404 in 22.6607 ms
[22:47:19 INF] Request: Application is shutting down...
[22:47:25 INF] Request: Now listening on: https://localhost:5001
[22:47:25 INF] Request: Now listening on: http://localhost:5000
[22:47:25 INF] Request: Application started. Press Ctrl+C to shut down.
[22:47:25 INF] Request: Hosting environment: Development
[22:47:25 INF] Request: Content root path: C:\Users\Francisco Varela\Documents\borja\LHDTV\LaHistoriaDeTuVida
[22:47:33 INF] Request:0HLTG0KLAJ338:00000001 HTTP GET / responded 404 in 45.3543 ms
[22:47:35 INF] Request:0HLTG0KLAJ338:00000003 HTTP GET / responded 404 in 2.0486 ms
[22:47:36 INF] Request:0HLTG0KLAJ338:00000005 HTTP GET / responded 404 in 1.3805 ms
[22:49:16 INF] Request: Application is shutting down...
[22:49:52 INF] Request: Now listening on: https://localhost:5001
[22:49:52 INF] Request: Now listening on: http://localhost:5000
[22:49:52 INF] Request: Application started. Press Ctrl+C to shut down.
[22:49:52 INF] Request: Hosting environment: Development
[22:49:52 INF] Request: Content root path: C:\Users\Francisco Varela\Documents\borja\LHDTV\LaHistoriaDeTuVida
[23:38:54 INF] Request: Application is shutting down...
